# JRE version: OpenJDK Runtime Environment (17.0.7) (build 17.0.7+0-b2043.56-10550314)
# Java VM: OpenJDK 64-Bit Server VM (17.0.7+0-b2043.56-10550314, mixed mode, tiered, compressed oops, compressed class ptrs, g1 gc, windows-amd64)
GC Precious Log:
 CPUs: 4 total, 4 available
 Memory: 6086M
 Large Page Support: Disabled
 NUMA Support: Disabled
 Compressed Oops: Enabled (32-bit)
 Heap Region Size: 1M
 Heap Min Capacity: 8M
 Heap Initial Capacity: 96M
 Heap Max Capacity: 2G
 Pre-touch: Disabled
 Parallel Workers: 4
 Concurrent Workers: 1
 Concurrent Refinement Workers: 4
 Periodic GC: Disabled
Heap:
 garbage-first heap   total 186368K, used 122497K [0x0000000080000000, 0x0000000100000000)
  region size 1024K, 30 young (30720K), 3 survivors (3072K)
 Metaspace       used 76659K, committed 77376K, reserved 1179648K
  class space    used 10313K, committed 10624K, reserved 1048576K
GC Heap History (20 events):
Event: 25.227 GC heap before
{Heap before GC invocations=36 (full 0):
 garbage-first heap   total 156672K, used 87375K [0x0000000080000000, 0x0000000100000000)
  region size 1024K, 12 young (12288K), 3 survivors (3072K)
 Metaspace       used 61233K, committed 61824K, reserved 1114112K
  class space    used 8264K, committed 8512K, reserved 1048576K
}
Event: 25.233 GC heap after
{Heap after GC invocations=37 (full 0):
 garbage-first heap   total 156672K, used 83282K [0x0000000080000000, 0x0000000100000000)
  region size 1024K, 7 young (7168K), 7 survivors (7168K)
 Metaspace       used 61233K, committed 61824K, reserved 1114112K
  class space    used 8264K, committed 8512K, reserved 1048576K
}
Event: 25.388 GC heap before
{Heap before GC invocations=38 (full 0):
 garbage-first heap   total 156672K, used 94546K [0x0000000080000000, 0x0000000100000000)
  region size 1024K, 18 young (18432K), 7 survivors (7168K)
 Metaspace       used 61826K, committed 62400K, reserved 1114112K
  class space    used 8321K, committed 8576K, reserved 1048576K
}
Event: 25.394 GC heap after
{Heap after GC invocations=39 (full 0):
 garbage-first heap   total 156672K, used 85435K [0x0000000080000000, 0x0000000100000000)
  region size 1024K, 3 young (3072K), 3 survivors (3072K)
 Metaspace       used 61826K, committed 62400K, reserved 1114112K
  class space    used 8321K, committed 8576K, reserved 1048576K
}
Event: 26.328 GC heap before
{Heap before GC invocations=40 (full 0):
 garbage-first heap   total 156672K, used 112059K [0x0000000080000000, 0x0000000100000000)
  region size 1024K, 29 young (29696K), 3 survivors (3072K)
 Metaspace       used 64245K, committed 64896K, reserved 1114112K
  class space    used 8677K, committed 8960K, reserved 1048576K
}
Event: 26.332 GC heap after
{Heap after GC invocations=41 (full 0):
 garbage-first heap   total 156672K, used 87251K [0x0000000080000000, 0x0000000100000000)
  region size 1024K, 2 young (2048K), 2 survivors (2048K)
 Metaspace       used 64245K, committed 64896K, reserved 1114112K
  class space    used 8677K, committed 8960K, reserved 1048576K
}
Event: 27.046 GC heap before
{Heap before GC invocations=41 (full 0):
 garbage-first heap   total 156672K, used 114899K [0x0000000080000000, 0x0000000100000000)
  region size 1024K, 29 young (29696K), 2 survivors (2048K)
 Metaspace       used 67457K, committed 68096K, reserved 1114112K
  class space    used 9066K, committed 9344K, reserved 1048576K
}
Event: 27.049 GC heap after
{Heap after GC invocations=42 (full 0):
 garbage-first heap   total 156672K, used 87798K [0x0000000080000000, 0x0000000100000000)
  region size 1024K, 2 young (2048K), 2 survivors (2048K)
 Metaspace       used 67457K, committed 68096K, reserved 1114112K
  class space    used 9066K, committed 9344K, reserved 1048576K
}
Event: 28.300 GC heap before
{Heap before GC invocations=43 (full 0):
 garbage-first heap   total 156672K, used 118518K [0x0000000080000000, 0x0000000100000000)
  region size 1024K, 31 young (31744K), 2 survivors (2048K)
 Metaspace       used 71725K, committed 72384K, reserved 1114112K
  class space    used 9644K, committed 9920K, reserved 1048576K
}
Event: 28.308 GC heap after
{Heap after GC invocations=44 (full 0):
 garbage-first heap   total 156672K, used 91887K [0x0000000080000000, 0x0000000100000000)
  region size 1024K, 4 young (4096K), 4 survivors (4096K)
 Metaspace       used 71725K, committed 72384K, reserved 1114112K
  class space    used 9644K, committed 9920K, reserved 1048576K
}
Event: 28.346 GC heap before
{Heap before GC invocations=44 (full 0):
 garbage-first heap   total 156672K, used 98031K [0x0000000080000000, 0x0000000100000000)
  region size 1024K, 7 young (7168K), 4 survivors (4096K)
 Metaspace       used 71725K, committed 72384K, reserved 1114112K
  class space    used 9644K, committed 9920K, reserved 1048576K
}
Event: 28.356 GC heap after
{Heap after GC invocations=45 (full 0):
 garbage-first heap   total 156672K, used 95289K [0x0000000080000000, 0x0000000100000000)
  region size 1024K, 1 young (1024K), 1 survivors (1024K)
 Metaspace       used 71725K, committed 72384K, reserved 1114112K
  class space    used 9644K, committed 9920K, reserved 1048576K
}
Event: 28.390 GC heap before
{Heap before GC invocations=45 (full 0):
 garbage-first heap   total 156672K, used 98361K [0x0000000080000000, 0x0000000100000000)
  region size 1024K, 5 young (5120K), 1 survivors (1024K)
 Metaspace       used 71730K, committed 72384K, reserved 1114112K
  class space    used 9644K, committed 9920K, reserved 1048576K
}
Event: 28.393 GC heap after
{Heap after GC invocations=46 (full 0):
 garbage-first heap   total 156672K, used 95995K [0x0000000080000000, 0x0000000100000000)
  region size 1024K, 2 young (2048K), 2 survivors (2048K)
 Metaspace       used 71730K, committed 72384K, reserved 1114112K
  class space    used 9644K, committed 9920K, reserved 1048576K
}
Event: 29.288 GC heap before
{Heap before GC invocations=47 (full 0):
 garbage-first heap   total 173056K, used 126715K [0x0000000080000000, 0x0000000100000000)
  region size 1024K, 30 young (30720K), 2 survivors (2048K)
 Metaspace       used 73754K, committed 74432K, reserved 1114112K
  class space    used 9927K, committed 10240K, reserved 1048576K
}
Event: 29.295 GC heap after
{Heap after GC invocations=48 (full 0):
 garbage-first heap   total 173056K, used 97886K [0x0000000080000000, 0x0000000100000000)
  region size 1024K, 3 young (3072K), 3 survivors (3072K)
 Metaspace       used 73754K, committed 74432K, reserved 1114112K
  class space    used 9927K, committed 10240K, reserved 1048576K
}
Event: 29.452 GC heap before
{Heap before GC invocations=48 (full 0):
 garbage-first heap   total 173056K, used 103006K [0x0000000080000000, 0x0000000100000000)
  region size 1024K, 8 young (8192K), 3 survivors (3072K)
 Metaspace       used 74135K, committed 74752K, reserved 1114112K
  class space    used 9980K, committed 10240K, reserved 1048576K
}
Event: 29.459 GC heap after
{Heap after GC invocations=49 (full 0):
 garbage-first heap   total 173056K, used 97783K [0x0000000080000000, 0x0000000100000000)
  region size 1024K, 1 young (1024K), 1 survivors (1024K)
 Metaspace       used 74135K, committed 74752K, reserved 1114112K
  class space    used 9980K, committed 10240K, reserved 1048576K
}
Event: 31.273 GC heap before
{Heap before GC invocations=49 (full 0):
 garbage-first heap   total 173056K, used 136695K [0x0000000080000000, 0x0000000100000000)
  region size 1024K, 39 young (39936K), 1 survivors (1024K)
 Metaspace       used 76274K, committed 76992K, reserved 1179648K
  class space    used 10267K, committed 10560K, reserved 1048576K
}
Event: 31.279 GC heap after
{Heap after GC invocations=50 (full 0):
 garbage-first heap   total 173056K, used 99969K [0x0000000080000000, 0x0000000100000000)
  region size 1024K, 3 young (3072K), 3 survivors (3072K)
 Metaspace       used 76274K, committed 76992K, reserved 1179648K
  class space    used 10267K, committed 10560K, reserved 1048576K
}

